<?xml version="1.0" encoding="UTF-8"?>
<testng-results skipped="0" failed="0" ignored="0" total="0" passed="0">
  <reporter-output>
  </reporter-output>
  <suite name="com.nopcommerce.demo.runners.TestRunner" duration-ms="3" started-at="2023-05-14T00:39:42Z" finished-at="2023-05-14T00:39:42Z">
    <groups>
    </groups>
    <test name="Command line test" duration-ms="3" started-at="2023-05-14T00:39:42Z" finished-at="2023-05-14T00:39:42Z">
    </test> <!-- Command line test -->
  </suite> <!-- com.nopcommerce.demo.runners.TestRunner -->
</testng-results>
